android/app/build/intermediates/manifest_merge_blame_file/debug/processDebugMainManifest/manifest-merger-blame-debug-report.txt
1<?xml version="1.0" encoding="utf-8"?>
2<manifest xmlns:android="http://schemas.android.com/apk/res/android"
3    package="com.rentalmanagement.app"
4    android:versionCode="1"
5    android:versionName="1.0" >
6
7    <uses-sdk
8        android:minSdkVersion="24"
9        android:targetSdkVersion="34" />
10
11    <uses-permission android:name="android.permission.INTERNET" />
11-->src\main\AndroidManifest.xml:4:5-67
11-->src\main\AndroidManifest.xml:4:22-64
12    <uses-permission android:name="android.permission.ACCESS_NETWORK_STATE" />
12-->src\main\AndroidManifest.xml:5:5-79
12-->src\main\AndroidManifest.xml:5:22-76
13
14    <permission
14-->[androidx.core:core:1.13.1] AndroidManifest.xml:22:5-24:47
15        android:name="com.rentalmanagement.app.DYNAMIC_RECEIVER_NOT_EXPORTED_PERMISSION"
15-->[androidx.core:core:1.13.1] AndroidManifest.xml:23:9-81
16        android:protectionLevel="signature" />
16-->[androidx.core:core:1.13.1] AndroidManifest.xml:24:9-44
17
18    <uses-permission android:name="com.rentalmanagement.app.DYNAMIC_RECEIVER_NOT_EXPORTED_PERMISSION" />
18-->[androidx.core:core:1.13.1] AndroidManifest.xml:26:5-97
18-->[androidx.core:core:1.13.1] AndroidManifest.xml:26:22-94
19
20    <application
20-->src\main\AndroidManifest.xml:7:5-91:19
21        android:allowBackup="true"
21-->src\main\AndroidManifest.xml:8:9-35
22        android:appComponentFactory="androidx.core.app.CoreComponentFactory"
22-->[androidx.core:core:1.13.1] AndroidManifest.xml:28:18-86
23        android:debuggable="true"
24        android:extractNativeLibs="false"
25        android:icon="@mipmap/ic_launcher"
25-->src\main\AndroidManifest.xml:9:9-43
26        android:label="@string/app_name"
26-->src\main\AndroidManifest.xml:10:9-41
27        android:networkSecurityConfig="@xml/network_security_config"
27-->src\main\AndroidManifest.xml:14:9-69
28        android:roundIcon="@mipmap/ic_launcher_round"
28-->src\main\AndroidManifest.xml:11:9-54
29        android:supportsRtl="true"
29-->src\main\AndroidManifest.xml:12:9-35
30        android:testOnly="true"
31        android:theme="@style/Theme.RentalManagement" >
31-->src\main\AndroidManifest.xml:13:9-54
32        <activity
32-->src\main\AndroidManifest.xml:16:9-19:46
33            android:name="com.rentalmanagement.app.activities.AddPropertyActivity"
33-->src\main\AndroidManifest.xml:17:13-59
34            android:exported="false"
34-->src\main\AndroidManifest.xml:18:13-37
35            android:launchMode="singleTop" />
35-->src\main\AndroidManifest.xml:19:13-43
36        <activity
36-->src\main\AndroidManifest.xml:20:9-23:46
37            android:name="com.rentalmanagement.app.activities.AdminLandlordsActivity"
37-->src\main\AndroidManifest.xml:21:13-62
38            android:exported="false"
38-->src\main\AndroidManifest.xml:22:13-37
39            android:launchMode="singleTop" />
39-->src\main\AndroidManifest.xml:23:13-43
40        <activity
40-->src\main\AndroidManifest.xml:24:9-27:46
41            android:name="com.rentalmanagement.app.activities.RegisterCaretakerActivity"
41-->src\main\AndroidManifest.xml:25:13-65
42            android:exported="false"
42-->src\main\AndroidManifest.xml:26:13-37
43            android:launchMode="singleTop" />
43-->src\main\AndroidManifest.xml:27:13-43
44        <activity
44-->src\main\AndroidManifest.xml:28:9-31:46
45            android:name="com.rentalmanagement.app.activities.PropertyDetailsActivity"
45-->src\main\AndroidManifest.xml:29:13-63
46            android:exported="false"
46-->src\main\AndroidManifest.xml:30:13-37
47            android:launchMode="singleTop" />
47-->src\main\AndroidManifest.xml:31:13-43
48        <activity
48-->src\main\AndroidManifest.xml:32:9-35:46
49            android:name="com.rentalmanagement.app.activities.RegisterTenantActivity"
49-->src\main\AndroidManifest.xml:33:13-62
50            android:exported="false"
50-->src\main\AndroidManifest.xml:34:13-37
51            android:launchMode="singleTop" />
51-->src\main\AndroidManifest.xml:35:13-43
52        <activity
52-->src\main\AndroidManifest.xml:36:9-39:46
53            android:name="com.rentalmanagement.app.activities.NotificationsActivity"
53-->src\main\AndroidManifest.xml:37:13-61
54            android:exported="false"
54-->src\main\AndroidManifest.xml:38:13-37
55            android:launchMode="singleTop" />
55-->src\main\AndroidManifest.xml:39:13-43
56        <activity
56-->src\main\AndroidManifest.xml:40:9-43:46
57            android:name="com.rentalmanagement.app.activities.CaretakerActivityLogsActivity"
57-->src\main\AndroidManifest.xml:41:13-69
58            android:exported="false"
58-->src\main\AndroidManifest.xml:42:13-37
59            android:launchMode="singleTop" />
59-->src\main\AndroidManifest.xml:43:13-43
60        <activity
60-->src\main\AndroidManifest.xml:44:9-47:46
61            android:name="com.rentalmanagement.app.activities.CaretakerTasksActivity"
61-->src\main\AndroidManifest.xml:45:13-62
62            android:exported="false"
62-->src\main\AndroidManifest.xml:46:13-37
63            android:launchMode="singleTop" />
63-->src\main\AndroidManifest.xml:47:13-43
64        <activity
64-->src\main\AndroidManifest.xml:48:9-51:46
65            android:name="com.rentalmanagement.app.activities.LandlordMaintenanceActivity"
65-->src\main\AndroidManifest.xml:49:13-67
66            android:exported="false"
66-->src\main\AndroidManifest.xml:50:13-37
67            android:launchMode="singleTop" />
67-->src\main\AndroidManifest.xml:51:13-43
68        <activity
68-->src\main\AndroidManifest.xml:52:9-55:46
69            android:name="com.rentalmanagement.app.activities.TenantMaintenanceActivity"
69-->src\main\AndroidManifest.xml:53:13-65
70            android:exported="false"
70-->src\main\AndroidManifest.xml:54:13-37
71            android:launchMode="singleTop" />
71-->src\main\AndroidManifest.xml:55:13-43
72        <activity
72-->src\main\AndroidManifest.xml:56:9-59:46
73            android:name="com.rentalmanagement.app.activities.UnitsActivity"
73-->src\main\AndroidManifest.xml:57:13-53
74            android:exported="false"
74-->src\main\AndroidManifest.xml:58:13-37
75            android:launchMode="singleTop" />
75-->src\main\AndroidManifest.xml:59:13-43
76        <activity
76-->src\main\AndroidManifest.xml:60:9-63:46
77            android:name="com.rentalmanagement.app.activities.PropertiesActivity"
77-->src\main\AndroidManifest.xml:61:13-58
78            android:exported="false"
78-->src\main\AndroidManifest.xml:62:13-37
79            android:launchMode="singleTop" />
79-->src\main\AndroidManifest.xml:63:13-43
80        <activity
80-->src\main\AndroidManifest.xml:64:9-66:40
81            android:name="com.rentalmanagement.app.activities.TenantDashboardActivity"
81-->src\main\AndroidManifest.xml:65:13-63
82            android:exported="false" />
82-->src\main\AndroidManifest.xml:66:13-37
83        <activity
83-->src\main\AndroidManifest.xml:67:9-69:40
84            android:name="com.rentalmanagement.app.activities.CaretakerDashboardActivity"
84-->src\main\AndroidManifest.xml:68:13-66
85            android:exported="false" />
85-->src\main\AndroidManifest.xml:69:13-37
86        <activity
86-->src\main\AndroidManifest.xml:70:9-72:40
87            android:name="com.rentalmanagement.app.activities.LandlordDashboardActivity"
87-->src\main\AndroidManifest.xml:71:13-65
88            android:exported="false" />
88-->src\main\AndroidManifest.xml:72:13-37
89        <activity
89-->src\main\AndroidManifest.xml:73:9-75:40
90            android:name="com.rentalmanagement.app.activities.AdminDashboardActivity"
90-->src\main\AndroidManifest.xml:74:13-62
91            android:exported="false" />
91-->src\main\AndroidManifest.xml:75:13-37
92        <activity
92-->src\main\AndroidManifest.xml:76:9-78:40
93            android:name="com.rentalmanagement.app.activities.LandlordSignupActivity"
93-->src\main\AndroidManifest.xml:77:13-62
94            android:exported="false" />
94-->src\main\AndroidManifest.xml:78:13-37
95        <activity
95-->src\main\AndroidManifest.xml:79:9-81:40
96            android:name="com.rentalmanagement.app.activities.LoginActivity"
96-->src\main\AndroidManifest.xml:80:13-53
97            android:exported="false" />
97-->src\main\AndroidManifest.xml:81:13-37
98        <activity
98-->src\main\AndroidManifest.xml:82:9-89:20
99            android:name="com.rentalmanagement.app.activities.MainActivity"
99-->src\main\AndroidManifest.xml:83:13-52
100            android:exported="true" >
100-->src\main\AndroidManifest.xml:84:13-36
101            <intent-filter>
101-->src\main\AndroidManifest.xml:85:13-88:29
102                <action android:name="android.intent.action.MAIN" />
102-->src\main\AndroidManifest.xml:86:17-69
102-->src\main\AndroidManifest.xml:86:25-66
103
104                <category android:name="android.intent.category.LAUNCHER" />
104-->src\main\AndroidManifest.xml:87:17-77
104-->src\main\AndroidManifest.xml:87:27-74
105            </intent-filter>
106        </activity>
107
108        <provider
108-->[androidx.emoji2:emoji2:1.3.0] AndroidManifest.xml:24:9-32:20
109            android:name="androidx.startup.InitializationProvider"
109-->[androidx.emoji2:emoji2:1.3.0] AndroidManifest.xml:25:13-67
110            android:authorities="com.rentalmanagement.app.androidx-startup"
110-->[androidx.emoji2:emoji2:1.3.0] AndroidManifest.xml:26:13-68
111            android:exported="false" >
111-->[androidx.emoji2:emoji2:1.3.0] AndroidManifest.xml:27:13-37
112            <meta-data
112-->[androidx.emoji2:emoji2:1.3.0] AndroidManifest.xml:29:13-31:52
113                android:name="androidx.emoji2.text.EmojiCompatInitializer"
113-->[androidx.emoji2:emoji2:1.3.0] AndroidManifest.xml:30:17-75
114                android:value="androidx.startup" />
114-->[androidx.emoji2:emoji2:1.3.0] AndroidManifest.xml:31:17-49
115            <meta-data
115-->[androidx.lifecycle:lifecycle-process:2.6.2] AndroidManifest.xml:29:13-31:52
116                android:name="androidx.lifecycle.ProcessLifecycleInitializer"
116-->[androidx.lifecycle:lifecycle-process:2.6.2] AndroidManifest.xml:30:17-78
117                android:value="androidx.startup" />
117-->[androidx.lifecycle:lifecycle-process:2.6.2] AndroidManifest.xml:31:17-49
118            <meta-data
118-->[androidx.profileinstaller:profileinstaller:1.3.1] AndroidManifest.xml:29:13-31:52
119                android:name="androidx.profileinstaller.ProfileInstallerInitializer"
119-->[androidx.profileinstaller:profileinstaller:1.3.1] AndroidManifest.xml:30:17-85
120                android:value="androidx.startup" />
120-->[androidx.profileinstaller:profileinstaller:1.3.1] AndroidManifest.xml:31:17-49
121        </provider>
122
123        <receiver
123-->[androidx.profileinstaller:profileinstaller:1.3.1] AndroidManifest.xml:34:9-52:20
124            android:name="androidx.profileinstaller.ProfileInstallReceiver"
124-->[androidx.profileinstaller:profileinstaller:1.3.1] AndroidManifest.xml:35:13-76
125            android:directBootAware="false"
125-->[androidx.profileinstaller:profileinstaller:1.3.1] AndroidManifest.xml:36:13-44
126            android:enabled="true"
126-->[androidx.profileinstaller:profileinstaller:1.3.1] AndroidManifest.xml:37:13-35
127            android:exported="true"
127-->[androidx.profileinstaller:profileinstaller:1.3.1] AndroidManifest.xml:38:13-36
128            android:permission="android.permission.DUMP" >
128-->[androidx.profileinstaller:profileinstaller:1.3.1] AndroidManifest.xml:39:13-57
129            <intent-filter>
129-->[androidx.profileinstaller:profileinstaller:1.3.1] AndroidManifest.xml:40:13-42:29
130                <action android:name="androidx.profileinstaller.action.INSTALL_PROFILE" />
130-->[androidx.profileinstaller:profileinstaller:1.3.1] AndroidManifest.xml:41:17-91
130-->[androidx.profileinstaller:profileinstaller:1.3.1] AndroidManifest.xml:41:25-88
131            </intent-filter>
132            <intent-filter>
132-->[androidx.profileinstaller:profileinstaller:1.3.1] AndroidManifest.xml:43:13-45:29
133                <action android:name="androidx.profileinstaller.action.SKIP_FILE" />
133-->[androidx.profileinstaller:profileinstaller:1.3.1] AndroidManifest.xml:44:17-85
133-->[androidx.profileinstaller:profileinstaller:1.3.1] AndroidManifest.xml:44:25-82
134            </intent-filter>
135            <intent-filter>
135-->[androidx.profileinstaller:profileinstaller:1.3.1] AndroidManifest.xml:46:13-48:29
136                <action android:name="androidx.profileinstaller.action.SAVE_PROFILE" />
136-->[androidx.profileinstaller:profileinstaller:1.3.1] AndroidManifest.xml:47:17-88
136-->[androidx.profileinstaller:profileinstaller:1.3.1] AndroidManifest.xml:47:25-85
137            </intent-filter>
138            <intent-filter>
138-->[androidx.profileinstaller:profileinstaller:1.3.1] AndroidManifest.xml:49:13-51:29
139                <action android:name="androidx.profileinstaller.action.BENCHMARK_OPERATION" />
139-->[androidx.profileinstaller:profileinstaller:1.3.1] AndroidManifest.xml:50:17-95
139-->[androidx.profileinstaller:profileinstaller:1.3.1] AndroidManifest.xml:50:25-92
140            </intent-filter>
141        </receiver>
142    </application>
143
144</manifest>